[20:05:43] [main/INFO] [LaunchWrapper]: Loading tweak class name net.minecraftforge.fml.common.launcher.FMLServerTweaker
[20:05:43] [main/INFO] [LaunchWrapper]: Using primary tweak class name net.minecraftforge.fml.common.launcher.FMLServerTweaker
[20:05:43] [main/INFO] [LaunchWrapper]: Calling tweak class net.minecraftforge.fml.common.launcher.FMLServerTweaker
[20:05:43] [main/INFO] [FML]: Forge Mod Loader version 14.23.5.2781 for Minecraft 1.12.2 loading
[20:05:43] [main/INFO] [FML]: Java is Java HotSpot(TM) 64-Bit Server VM, version 1.8.0_191, running on Windows Server 2016:amd64:10.0, installed at C:\Program Files\Java\jre1.8.0_191
[20:06:34] [main/INFO] [FML]: Searching E:\documenten\ServerFiles\ServerFileWorkspace\EnigmatiCookie\server\Enigmatica2ExpertServer-1.59a\.\mods for mods
[20:06:34] [main/WARN] [FML]: Found FMLCorePluginContainsFMLMod marker in AdvancedRocketry-1.12.2-1.5.0-136-universal.jar. This is not recommended, @Mods should be in a separate jar from the coremod.
[20:06:34] [main/WARN] [FML]: The coremod AdvancedRocketryPlugin (zmaster587.advancedRocketry.asm.AdvancedRocketryPlugin) is not signed!
[20:06:34] [main/WARN] [FML]: Found FMLCorePluginContainsFMLMod marker in AppleCore-mc1.12.2-3.2.0.jar. This is not recommended, @Mods should be in a separate jar from the coremod.
[20:06:34] [main/WARN] [FML]: The coremod AppleCore (squeek.applecore.AppleCore) is not signed!
[20:06:34] [main/WARN] [FML]: Found FMLCorePluginContainsFMLMod marker in astralsorcery-1.12.2-1.10.11.jar. This is not recommended, @Mods should be in a separate jar from the coremod.
[20:06:34] [main/WARN] [FML]: The coremod hellfirepvp.astralsorcery.core.AstralCore does not have a MCVersion annotation, it may cause issues with this version of Minecraft
[20:06:34] [main/INFO] [Astral Core]: [AstralCore] Initialized.
[20:06:34] [main/INFO] [FML]: Loading tweaker guichaguri.betterfps.tweaker.BetterFpsTweaker from BetterFps-1.4.8.jar
[20:06:34] [main/WARN] [FML]: Found FMLCorePluginContainsFMLMod marker in colytra-1.12.2-1.1.1.jar. This is not recommended, @Mods should be in a separate jar from the coremod.
[20:06:34] [main/WARN] [FML]: The coremod c4.colytra.asm.ColytraLoadingPlugin does not have a MCVersion annotation, it may cause issues with this version of Minecraft
[20:06:34] [main/WARN] [FML]: Found FMLCorePluginContainsFMLMod marker in CTM-MC1.12.2-0.3.3.22.jar. This is not recommended, @Mods should be in a separate jar from the coremod.
[20:06:34] [main/WARN] [FML]: The coremod team.chisel.ctm.client.asm.CTMCorePlugin does not have a MCVersion annotation, it may cause issues with this version of Minecraft
[20:06:34] [main/WARN] [FML]: The coremod CTMCorePlugin (team.chisel.ctm.client.asm.CTMCorePlugin) is not signed!
[20:06:34] [main/WARN] [FML]: Found FMLCorePluginContainsFMLMod marker in EnderCore-1.12.2-0.5.45.jar. This is not recommended, @Mods should be in a separate jar from the coremod.
[20:06:34] [main/WARN] [FML]: Found FMLCorePluginContainsFMLMod marker in foamfix-0.10.3-1.12.2.jar. This is not recommended, @Mods should be in a separate jar from the coremod.
[20:06:34] [main/WARN] [FML]: The coremod pl.asie.foamfix.coremod.FoamFixCore does not have a MCVersion annotation, it may cause issues with this version of Minecraft
[20:06:34] [main/WARN] [FML]: Found FMLCorePluginContainsFMLMod marker in Forgelin-1.8.2.jar. This is not recommended, @Mods should be in a separate jar from the coremod.
[20:06:34] [main/WARN] [FML]: The coremod net.shadowfacts.forgelin.preloader.ForgelinPlugin does not have a MCVersion annotation, it may cause issues with this version of Minecraft
[20:06:34] [main/WARN] [FML]: The coremod ForgelinPlugin (net.shadowfacts.forgelin.preloader.ForgelinPlugin) is not signed!
[20:06:34] [main/WARN] [FML]: Found FMLCorePluginContainsFMLMod marker in InventoryTweaks-1.64+dev.146.jar. This is not recommended, @Mods should be in a separate jar from the coremod.
[20:06:34] [main/WARN] [FML]: The coremod invtweaks.forge.asm.FMLPlugin does not have a MCVersion annotation, it may cause issues with this version of Minecraft
[20:06:34] [main/WARN] [FML]: The coremod ivorius.ivtoolkit.IvToolkitLoadingPlugin does not have a MCVersion annotation, it may cause issues with this version of Minecraft
[20:06:34] [main/WARN] [FML]: The coremod IvToolkit (ivorius.ivtoolkit.IvToolkitLoadingPlugin) is not signed!
[20:06:35] [main/WARN] [FML]: Found FMLCorePluginContainsFMLMod marker in NotEnoughIDs-1.5.4.3.jar. This is not recommended, @Mods should be in a separate jar from the coremod.
[20:06:35] [main/WARN] [FML]: The coremod ru.fewizz.neid.asm.Plugin does not have a MCVersion annotation, it may cause issues with this version of Minecraft
[20:06:35] [main/WARN] [FML]: The coremod Plugin (ru.fewizz.neid.asm.Plugin) is not signed!
[20:06:35] [main/WARN] [FML]: Found FMLCorePluginContainsFMLMod marker in OpenComputers-MC1.12.2-1.7.4.153.jar. This is not recommended, @Mods should be in a separate jar from the coremod.
[20:06:35] [main/WARN] [FML]: The coremod li.cil.oc.common.launch.TransformerLoader does not have a MCVersion annotation, it may cause issues with this version of Minecraft
[20:06:35] [main/WARN] [FML]: The coremod TransformerLoader (li.cil.oc.common.launch.TransformerLoader) is not signed!
[20:06:35] [main/WARN] [FML]: Found FMLCorePluginContainsFMLMod marker in OpenModsLib-1.12.2-0.12.1.jar. This is not recommended, @Mods should be in a separate jar from the coremod.
[20:06:35] [main/WARN] [FML]: The coremod openmods.core.OpenModsCorePlugin does not have a MCVersion annotation, it may cause issues with this version of Minecraft
[20:06:35] [main/WARN] [FML]: Found FMLCorePluginContainsFMLMod marker in Quark-r1.5-146.jar. This is not recommended, @Mods should be in a separate jar from the coremod.
[20:06:35] [main/WARN] [FML]: The coremod vazkii.quark.base.asm.LoadingPlugin does not have a MCVersion annotation, it may cause issues with this version of Minecraft
[20:06:35] [main/WARN] [FML]: The coremod LoadingPlugin (vazkii.quark.base.asm.LoadingPlugin) is not signed!
[20:06:35] [main/WARN] [FML]: The coremod com.therandomlabs.randompatches.core.RPCore does not have a MCVersion annotation, it may cause issues with this version of Minecraft
[20:06:35] [main/WARN] [FML]: Found FMLCorePluginContainsFMLMod marker in RandomThings-MC1.12.2-4.2.6.jar. This is not recommended, @Mods should be in a separate jar from the coremod.
[20:06:35] [main/WARN] [FML]: The coremod lumien.randomthings.asm.LoadingPlugin does not have a MCVersion annotation, it may cause issues with this version of Minecraft
[20:06:35] [main/WARN] [FML]: Found FMLCorePluginContainsFMLMod marker in ResourceLoader-MC1.12.1-1.5.3.jar. This is not recommended, @Mods should be in a separate jar from the coremod.
[20:06:35] [main/WARN] [FML]: The coremod lumien.resourceloader.asm.LoadingPlugin does not have a MCVersion annotation, it may cause issues with this version of Minecraft
[20:06:35] [main/WARN] [FML]: The coremod blusunrize.immersiveengineering.common.asm.IELoadingPlugin does not have a MCVersion annotation, it may cause issues with this version of Minecraft
[20:06:35] [main/INFO] [LaunchWrapper]: Loading tweak class name net.minecraftforge.fml.common.launcher.FMLInjectionAndSortingTweaker
[20:06:35] [main/INFO] [LaunchWrapper]: Loading tweak class name guichaguri.betterfps.tweaker.BetterFpsTweaker
[20:06:35] [main/INFO] [LaunchWrapper]: Loading tweak class name net.minecraftforge.fml.common.launcher.FMLDeobfTweaker
[20:06:35] [main/INFO] [LaunchWrapper]: Calling tweak class net.minecraftforge.fml.common.launcher.FMLInjectionAndSortingTweaker
[20:06:35] [main/INFO] [LaunchWrapper]: Calling tweak class net.minecraftforge.fml.common.launcher.FMLInjectionAndSortingTweaker
[20:06:35] [main/INFO] [LaunchWrapper]: Calling tweak class net.minecraftforge.fml.relauncher.CoreModManager$FMLPluginWrapper
[20:06:38] [main/INFO] [FML]: Found valid fingerprint for Minecraft Forge. Certificate fingerprint e3c3d50c7c986df74c645c0ac54639741c90a557
[20:06:38] [main/INFO] [LaunchWrapper]: Calling tweak class net.minecraftforge.fml.relauncher.CoreModManager$FMLPluginWrapper
[20:06:38] [main/INFO] [LaunchWrapper]: Calling tweak class net.minecraftforge.fml.relauncher.CoreModManager$FMLPluginWrapper
[20:06:38] [main/INFO] [LaunchWrapper]: Calling tweak class net.minecraftforge.fml.relauncher.CoreModManager$FMLPluginWrapper
[20:06:39] [main/INFO] [LaunchWrapper]: Calling tweak class net.minecraftforge.fml.relauncher.CoreModManager$FMLPluginWrapper
[20:06:39] [main/INFO] [LaunchWrapper]: Calling tweak class net.minecraftforge.fml.relauncher.CoreModManager$FMLPluginWrapper
[20:06:39] [main/INFO] [LaunchWrapper]: Calling tweak class net.minecraftforge.fml.relauncher.CoreModManager$FMLPluginWrapper
[20:06:39] [main/INFO] [LaunchWrapper]: Calling tweak class net.minecraftforge.fml.relauncher.CoreModManager$FMLPluginWrapper
[20:06:39] [main/INFO] [LaunchWrapper]: Calling tweak class net.minecraftforge.fml.relauncher.CoreModManager$FMLPluginWrapper
[20:06:39] [main/INFO] [LaunchWrapper]: Calling tweak class guichaguri.betterfps.tweaker.BetterFpsTweaker
[20:06:39] [main/INFO] [LaunchWrapper]: Calling tweak class net.minecraftforge.fml.common.launcher.FMLDeobfTweaker
[20:06:39] [main/ERROR] [LaunchWrapper]: A critical problem occurred registering the ASM transformer class 
java.lang.ClassNotFoundException: 
	at net.minecraft.launchwrapper.LaunchClassLoader.findClass(LaunchClassLoader.java:191) ~[launchwrapper-1.12.jar:?]
	at java.lang.ClassLoader.loadClass(Unknown Source) ~[?:1.8.0_191]
	at java.lang.ClassLoader.loadClass(Unknown Source) ~[?:1.8.0_191]
	at net.minecraft.launchwrapper.LaunchClassLoader.registerTransformer(LaunchClassLoader.java:88) [launchwrapper-1.12.jar:?]
	at net.minecraftforge.fml.common.launcher.FMLDeobfTweaker.injectIntoClassLoader(FMLDeobfTweaker.java:46) [forge-1.12.2-14.23.5.2781-universal.jar:?]
	at net.minecraft.launchwrapper.Launch.launch(Launch.java:115) [launchwrapper-1.12.jar:?]
	at net.minecraft.launchwrapper.Launch.main(Launch.java:28) [launchwrapper-1.12.jar:?]
	at sun.reflect.NativeMethodAccessorImpl.invoke0(Native Method) ~[?:1.8.0_191]
	at sun.reflect.NativeMethodAccessorImpl.invoke(Unknown Source) ~[?:1.8.0_191]
	at sun.reflect.DelegatingMethodAccessorImpl.invoke(Unknown Source) ~[?:1.8.0_191]
	at java.lang.reflect.Method.invoke(Unknown Source) ~[?:1.8.0_191]
	at net.minecraftforge.fml.relauncher.ServerLaunchWrapper.run(ServerLaunchWrapper.java:70) [forge-1.12.2-14.23.5.2781-universal.jar:?]
	at net.minecraftforge.fml.relauncher.ServerLaunchWrapper.main(ServerLaunchWrapper.java:34) [forge-1.12.2-14.23.5.2781-universal.jar:?]
Caused by: java.lang.NullPointerException
	at net.minecraft.launchwrapper.LaunchClassLoader.findClass(LaunchClassLoader.java:182) ~[launchwrapper-1.12.jar:?]
	... 12 more
[20:06:39] [main/INFO] [Astral Core]: [AstralTransformer] Loading patches...
[20:06:39] [main/INFO] [Astral Core]: [AstralTransformer] Initialized! Loaded 14 class patches!
[20:06:40] [main/INFO] [LaunchWrapper]: Calling tweak class net.minecraftforge.fml.relauncher.CoreModManager$FMLPluginWrapper
[20:06:40] [main/INFO] [LaunchWrapper]: Calling tweak class net.minecraftforge.fml.relauncher.CoreModManager$FMLPluginWrapper
[20:06:40] [main/INFO] [LaunchWrapper]: Calling tweak class net.minecraftforge.fml.relauncher.CoreModManager$FMLPluginWrapper
[20:06:40] [main/INFO] [LaunchWrapper]: Calling tweak class net.minecraftforge.fml.relauncher.CoreModManager$FMLPluginWrapper
[20:06:40] [main/INFO] [LaunchWrapper]: Calling tweak class net.minecraftforge.fml.relauncher.CoreModManager$FMLPluginWrapper
[20:06:40] [main/INFO] [LaunchWrapper]: Calling tweak class net.minecraftforge.fml.relauncher.CoreModManager$FMLPluginWrapper
[20:06:40] [main/INFO] [LaunchWrapper]: Calling tweak class net.minecraftforge.fml.relauncher.CoreModManager$FMLPluginWrapper
[20:06:40] [main/INFO] [LaunchWrapper]: Calling tweak class net.minecraftforge.fml.relauncher.CoreModManager$FMLPluginWrapper
[20:06:41] [main/INFO] [LaunchWrapper]: Calling tweak class net.minecraftforge.fml.relauncher.CoreModManager$FMLPluginWrapper
[20:06:41] [main/INFO] [LaunchWrapper]: Calling tweak class net.minecraftforge.fml.relauncher.CoreModManager$FMLPluginWrapper
[20:06:41] [main/INFO] [LaunchWrapper]: Calling tweak class net.minecraftforge.fml.relauncher.CoreModManager$FMLPluginWrapper
[20:06:41] [main/INFO] [LaunchWrapper]: Calling tweak class net.minecraftforge.fml.relauncher.CoreModManager$FMLPluginWrapper
[20:06:41] [main/INFO] [LaunchWrapper]: Calling tweak class net.minecraftforge.fml.relauncher.CoreModManager$FMLPluginWrapper
[20:06:41] [main/INFO] [LaunchWrapper]: Loading tweak class name net.minecraftforge.fml.common.launcher.TerminalTweaker
[20:06:41] [main/INFO] [LaunchWrapper]: Calling tweak class net.minecraftforge.fml.common.launcher.TerminalTweaker
[20:06:41] [main/INFO] [Astral Core]: [AstralTransformer] Transforming amu : net.minecraft.world.World with 2 patches!
[20:06:41] [main/INFO] [Astral Core]: [AstralTransformer] Skipping PATCHSUNBRIGHTNESSWORLDCLIENT as it can't be applied for side SERVER
[20:06:41] [main/INFO] [Astral Core]: [AstralTransformer] Applied patch PATCHSUNBRIGHTNESSWORLDCOMMON
[20:06:41] [main/INFO] [STDOUT]: [pl.asie.foamfix.coremod.FoamFixTransformer:spliceClasses:112]: Added INTERFACE: pl/asie/foamfix/coremod/patches/IFoamFixWorldRemovable
[20:06:41] [main/INFO] [STDOUT]: [pl.asie.foamfix.coremod.FoamFixTransformer:spliceClasses:149]: Added METHOD: net.minecraft.world.World.foamfix_removeUnloadedEntities
[20:06:41] [main/INFO] [FML]: [Quark ASM] Transforming WorldServer
[20:06:41] [main/INFO] [FML]: [Quark ASM] Applying Transformation to method (Names [areAllPlayersAsleep, func_73056_e, g] Descriptor ()Z / ()Z)
[20:06:41] [main/INFO] [FML]: [Quark ASM] Located Method, patching...
[20:06:41] [main/INFO] [FML]: [Quark ASM] Located patch target node L0
[20:06:41] [main/INFO] [FML]: [Quark ASM] Patch result: true
[20:06:41] [main/INFO] [STDOUT]: [pl.asie.foamfix.coremod.patches.WorldServerRemovalPatch:apply:65]: Patched updateEntities in net/minecraft/world/WorldServer func_72939_s
[20:06:42] [main/INFO] [EnderCore ASM]: Transforming net.minecraft.entity.player.EntityPlayer finished, added func_184613_cA() overriding EntityLivingBase
[20:06:42] [main/INFO] [FML]: [Colytra ASM] Preparing to transform EntityLivingBase
[20:06:42] [main/INFO] [FML]: [Colytra ASM] Initiating transformation to method (Names [onLivingUpdate, func_70636_d, n] Descriptor ()V / ()V)
[20:06:42] [main/INFO] [FML]: [Colytra ASM] Found method, initiating patch...
[20:06:42] [main/INFO] [FML]: [Colytra ASM] Found target node for patching: INVOKESPECIAL vp.r ()V
[20:06:42] [main/INFO] [FML]: [Colytra ASM] Patch result: Success!
[20:06:42] [main/INFO] [Astral Core]: [AstralTransformer] Transforming vp : net.minecraft.entity.EntityLivingBase with 4 patches!
[20:06:42] [main/INFO] [Astral Core]: [AstralTransformer] Applied patch PATCHAPPLYPOTIONEFFECTEVENT
[20:06:42] [main/INFO] [Astral Core]: [AstralTransformer] Applied patch PATCHENTITYLIVINGBASEWATERSLOWDOWN
[20:06:42] [main/INFO] [Astral Core]: [AstralTransformer] Applied patch PATCHSETPLAYERATTRIBUTE
[20:06:42] [main/INFO] [Astral Core]: [AstralTransformer] Applied patch PATCHUPDATEELYTRA
[20:06:42] [main/INFO] [LaunchWrapper]: Launching wrapped minecraft {net.minecraft.server.MinecraftServer}
[20:06:42] [main/INFO] [net.minecraft.server.MinecraftServer]: You need to agree to the EULA in order to run the server. Go to eula.txt for more info.
