Could Not Find E:\documenten\ServerFiles\ServerFileWorkspace\EnigmatiCookie\server\Enigmatica2ExpertServer-1.59a\tmp-forgeinstaller.jar
Could Not Find E:\documenten\ServerFiles\ServerFileWorkspace\EnigmatiCookie\server\Enigmatica2ExpertServer-1.59a\forge-1.12.2.html
INFO: Download/Install complete... 
INFO: Checking that settings.cfg exists 
DEBUG: settings.cfg Found. Logging full contents below: 
;SETTINGS FOR SERVERSTART SCRIPTS
;See "serverstart.log" in the LOGS subfolder 
;For more details/help see: https://github.com/AllTheMods/Server-Scripts

MAX_RAM=4G; 
JAVA_ARGS=-d64 -server -XX:+AggressiveOpts -XX:+UseConcMarkSweepGC -XX:+UnlockExperimentalVMOptions -XX:+UseParNewGC -XX:+ExplicitGCInvokesConcurrent -XX:+UseFastAccessorMethods -XX:+OptimizeStringConcat -XX:+UseAdaptiveGCBoundary; 
CRASH_COUNT=5; 
CRASH_TIMER=600; 
RUN_FROM_BAD_FOLDER=0; 
IGNORE_OFFLINE=0; 
IGNORE_JAVA_CHECK=0; 
USE_SPONGE=0;
HIGH_CPU_PRIORITY=0;

MODPACK_NAME=Enigmatica 2: Expert;
MCVER=1.12.2;
FORGEVER=14.23.5.2781; 
FORGEURL=https://files.minecraftforge.net/maven/net/minecraftforge/forge/1.12.2-14.23.5.2781/forge-1.12.2-14.23.5.2781-installer.jar; 
INFO: Loading variables from settings.cfg  
DEBUG: Starting variable definitions: 
DEBUG: MC_SERVER_MAX_RAM=4G 
DEBUG: MC_SERVER_FORGE_JAR= 
DEBUG: MC_SERVER_SPONGE_BOOT= 
DEBUG: MC_SERVER_JVM_ARGS=-Xmx4G -Xms2G -d64 -server -XX:+AggressiveOpts -XX:+UseConcMarkSweepGC -XX:+UnlockExperimentalVMOptions -XX:+UseParNewGC -XX:+ExplicitGCInvokesConcurrent -XX:+UseFastAccessorMethods -XX:+OptimizeStringConcat -XX:+UseAdaptiveGCBoundary 
DEBUG: MC_SERVER_MAX_CRASH=5 
DEBUG: MC_SERVER_CRASH_TIMER=600 
DEBUG: MC_SERVER_IGNORE_OFFLINE=0 
DEBUG: MC_SERVER_RUN_FROM_BAD_FOLDER=0 
DEBUG: MC_SERVER_MCVER=1.12.2 
DEBUG: MC_SERVER_FORGEVER=14.23.5.2781 
DEBUG: MC_SERVER_FORGESHORT=2781 
DEBUG: MC_SERVER_FORGEURL=https://files.minecraftforge.net/maven/net/minecraftforge/forge/1.12.2-14.23.5.2781/forge-1.12.2-14.23.5.2781-installer.jar 
DEBUG: MC_SERVER_SPONGE=0 
DEBUG: MC_SERVER_HIGH_PRIORITY=0 
DEBUG: MC_SERVER_PACKNAME=Enigmatica 2: Expert 
DEBUG: MC_SERVER_SPONGEURL= 
DEBUG: MC_SERVER_SPONGEBOOTSTRAPURL= 
DEBUG: MC_SERVER_ERROR_REASON=Unspecified 
DEBUG: MC_SERVER_TMP_FLAG= 
DEBUG: MC_SERVER_CRASH_COUNTER=1 
DEBUG: MC_SERVER_CRASH_YYYYMMDD=ay19 
DEBUG: MC_SERVER_CRASH_HHMMSS=200433 
DEBUG: Current directory file listing: 
 Volume in drive E is 420GB3DiskRAID
 Volume Serial Number is A074-FB0B

 Directory of E:\documenten\ServerFiles\ServerFileWorkspace\EnigmatiCookie\server\Enigmatica2ExpertServer-1.59a

15-May-19  20:05    <DIR>          .
15-May-19  20:05    <DIR>          ..
15-May-19  19:07    <DIR>          config
15-May-19  20:05                13 eula.txt
24-Nov-18  02:08         4,961,030 forge-1.12.2-14.23.5.2781-installer.jar
15-May-19  20:05            10,619 forge-1.12.2-14.23.5.2781-installer.jar.log
15-May-19  20:05         4,912,395 forge-1.12.2-14.23.5.2781-universal.jar
15-May-19  20:05    <DIR>          libraries
15-May-19  19:07             3,296 LICENSE.md
15-May-19  20:04    <DIR>          logs
15-May-19  20:04        30,222,121 minecraft_server.1.12.2.jar
15-May-19  19:07    <DIR>          mods
15-May-19  19:07            12,397 README.md
15-May-19  19:07    <DIR>          schematics
15-May-19  19:07    <DIR>          scripts
15-May-19  19:07               801 server.properties
15-May-19  19:07            45,952 ServerStart.bat
15-May-19  19:07               758 settings.cfg
              10 File(s)     40,169,382 bytes
               8 Dir(s)  341,508,898,816 bytes free
DEBUG: JAVA version output (java -d64 -version): 
java version "1.8.0_191"
Java(TM) SE Runtime Environment (build 1.8.0_191-b12)
INFO: Found 64-bit Java 1.8 
...64-bit Java 1.8 found! 
INFO: Checking if current folder is valid... 
INFO: Checking for basic internet connectivity... 
Reply from 8.8.8.8: bytes=32 time=13ms TTL=55
Reply from 8.8.8.8: bytes=32 time=19ms TTL=55
INFO: Ping of "8.8.8.8" Successfull 
INFO: Checking for forge/minecraft binaries... 
File Not Found
DEBUG: MC_SERVER_SPONGE_BOOT= 
DEBUG: MC_SERVER_FORGE_JAR=forge-1.12.2-14.23.5.2781-universal.jar 
Could Not Find E:\documenten\ServerFiles\ServerFileWorkspace\EnigmatiCookie\server\Enigmatica2ExpertServer-1.59a\*forge*universal*.jar
Could Not Find E:\documenten\ServerFiles\ServerFileWorkspace\EnigmatiCookie\server\Enigmatica2ExpertServer-1.59a\*sponge*bootstrap*.jar
INFO: Starting Server... 
DEBUG: Disabling any spongeforge jar in \mods\ because USE_SPONGE is disabled in settings.cfg 
File Not Found
DEBUG: Attempting to execute [ java -Xmx4G -Xms2G -d64 -server -XX:+AggressiveOpts -XX:+UseConcMarkSweepGC -XX:+UnlockExperimentalVMOptions -XX:+UseParNewGC -XX:+ExplicitGCInvokesConcurrent -XX:+UseFastAccessorMethods -XX:+OptimizeStringConcat -XX:+UseAdaptiveGCBoundary -jar "E:\documenten\ServerFiles\ServerFileWorkspace\EnigmatiCookie\server\Enigmatica2ExpertServer-1.59a\forge-1.12.2-14.23.5.2781-universal.jar" nogui ] 
INFO: Starting Server... 
DEBUG: Disabling any spongeforge jar in \mods\ because USE_SPONGE is disabled in settings.cfg 
File Not Found
DEBUG: Attempting to execute [ java -Xmx4G -Xms2G -d64 -server -XX:+AggressiveOpts -XX:+UseConcMarkSweepGC -XX:+UnlockExperimentalVMOptions -XX:+UseParNewGC -XX:+ExplicitGCInvokesConcurrent -XX:+UseFastAccessorMethods -XX:+OptimizeStringConcat -XX:+UseAdaptiveGCBoundary -jar "E:\documenten\ServerFiles\ServerFileWorkspace\EnigmatiCookie\server\Enigmatica2ExpertServer-1.59a\forge-1.12.2-14.23.5.2781-universal.jar" nogui ] 
