#
# A fatal error has been detected by the Java Runtime Environment:
#
#  EXCEPTION_ACCESS_VIOLATION (0xc0000005) at pc=0x000000006d62623f, pid=17068, tid=24904
#
# JRE version: Java(TM) SE Runtime Environment (8.0_51-b16) (build 1.8.0_51-b16)
# Java VM: Java HotSpot(TM) 64-Bit Server VM (25.51-b03 mixed mode windows-amd64 compressed oops)
# Problematic frame:
# V  [jvm.dll+0x4b623f]
#
# Failed to write core dump. Minidumps are not enabled by default on client versions of Windows
#
# If you would like to submit a bug report, please visit:
#   http://bugreport.java.com/bugreport/crash.jsp
#

---------------  T H R E A D  ---------------

Current thread (0x0000000027dbf800):  JavaThread "C2 CompilerThread1" daemon [_thread_in_native, id=24904, stack(0x0000000028490000,0x0000000028590000)]

siginfo: ExceptionCode=0xc0000005, reading address 0x0000000000000008

Registers:
RAX=0x0000000000000000, RBX=0x0000000000000000, RCX=0x0000000032e48010, RDX=0x0000000000008000
RSP=0x000000002858beb0, RBP=0x000000002ec805f8, RSI=0x0000000032e48010, RDI=0x000000002858c380
R8 =0x0000000000000000, R9 =0x000000002bbefc90, R10=0x000000002858c380, R11=0x000000008b2cea10
R12=0x000000002eeec668, R13=0x000000002eded778, R14=0x000000002858bf98, R15=0x000000002858bfb8
RIP=0x000000006d62623f, EFLAGS=0x0000000000010287

Top of Stack: (sp=0x000000002858beb0)
0x000000002858beb0:   00000000324e2530 000000002ec805f8
0x000000002858bec0:   0000000086ee8370 000000002858c380
0x000000002858bed0:   000000002ec805f8 000000002858c008
0x000000002858bee0:   000000002858c060 000000006d627a49
0x000000002858bef0:   00000000324e2530 0000000000000731
0x000000002858bf00:   0000000000000002 0000000032e48010
0x000000002858bf10:   000000002858cd50 000000006d65a2b0
0x000000002858bf20:   000000002d1e4ff0 0000000027dba610
0x000000002858bf30:   0000000032dd5a10 000000002858c060
0x000000002858bf40:   0000000027dba610 0000000000000000
0x000000002858bf50:   000000002858c380 000000006d62992f
0x000000002858bf60:   000000002858c380 0000000000000001
0x000000002858bf70:   0000000000000002 0000000032dd5a10
0x000000002858bf80:   000000002d1e5040 000000002d1ecfd8
0x000000002858bf90:   0000000000249168 0000000027dba610
0x000000002858bfa0:   0000000000000800 000000002a0b2f90 

Instructions: (pc=0x000000006d62623f)
0x000000006d62621f:   4c 89 64 24 50 4c 8b e0 4c 3b e8 0f 84 4f 01 00
0x000000006d62622f:   00 44 8b 43 28 4c 8b 8f f0 09 00 00 4b 8b 1c c1
0x000000006d62623f:   48 8b 43 08 48 83 38 00 75 2a 8b 57 28 0f 1f 40
0x000000006d62624f:   00 8b 43 28 3b c2 73 0c 8b c8 48 8b 47 30 48 8b 


Register to memory mapping:

RAX=0x0000000000000000 is an unknown value
RBX=0x0000000000000000 is an unknown value
RCX=0x0000000032e48010 is an unknown value
RDX=0x0000000000008000 is an unknown value
RSP=0x000000002858beb0 is pointing into the stack for thread: 0x0000000027dbf800
RBP=0x000000002ec805f8 is an unknown value
RSI=0x0000000032e48010 is an unknown value
RDI=0x000000002858c380 is pointing into the stack for thread: 0x0000000027dbf800
R8 =0x0000000000000000 is an unknown value
R9 =0x000000002bbefc90 is an unknown value
R10=0x000000002858c380 is pointing into the stack for thread: 0x0000000027dbf800
R11=0x000000008b2cea10 is an unknown value
R12=0x000000002eeec668 is an unknown value
R13=0x000000002eded778 is an unknown value
R14=0x000000002858bf98 is pointing into the stack for thread: 0x0000000027dbf800
R15=0x000000002858bfb8 is pointing into the stack for thread: 0x0000000027dbf800


Stack: [0x0000000028490000,0x0000000028590000],  sp=0x000000002858beb0,  free space=1007k
Native frames: (J=compiled Java code, j=interpreted, Vv=VM code, C=native code)
V  [jvm.dll+0x4b623f]
V  [jvm.dll+0x4b7a49]
V  [jvm.dll+0x4b992f]
V  [jvm.dll+0x46c011]
V  [jvm.dll+0x46cd4e]
V  [jvm.dll+0x4501a2]
V  [jvm.dll+0xa43a2]
V  [jvm.dll+0xa4cdf]
V  [jvm.dll+0x2418a4]
V  [jvm.dll+0x29846a]
C  [msvcr100.dll+0x21d9f]
C  [msvcr100.dll+0x21e3b]
C  [KERNEL32.DLL+0x14034]
C  [ntdll.dll+0x73691]


Current CompileTask:
C2: 383538 20322       4       pl.asie.foamfix.client.Deduplicator::deduplicate0 (459 bytes)


---------------  P R O C E S S  ---------------

Java Threads: ( => current thread )
  0x000000002f99c000 JavaThread "ForkJoinPool.commonPool-worker-7" daemon [_thread_blocked, id=11812, stack(0x00000000982a0000,0x00000000983a0000)]
  0x000000002f999800 JavaThread "ForkJoinPool.commonPool-worker-5" daemon [_thread_blocked, id=21032, stack(0x000000006e7f0000,0x000000006e8f0000)]
  0x000000002f992000 JavaThread "ForkJoinPool.commonPool-worker-4" daemon [_thread_blocked, id=21480, stack(0x000000006e5f0000,0x000000006e6f0000)]
  0x000000002f999000 JavaThread "ForkJoinPool.commonPool-worker-3" daemon [_thread_blocked, id=10948, stack(0x0000000047710000,0x0000000047810000)]
  0x000000002f991800 JavaThread "ForkJoinPool.commonPool-worker-2" daemon [_thread_blocked, id=1364, stack(0x000000007fdf0000,0x000000007fef0000)]
  0x000000002f990000 JavaThread "Thread-18" [_thread_blocked, id=11700, stack(0x0000000049720000,0x0000000049820000)]
  0x000000002ea1f800 JavaThread "Thread-17" [_thread_blocked, id=18164, stack(0x0000000047910000,0x0000000047a10000)]
  0x0000000031dd5000 JavaThread "pool-3-thread-1" [_thread_blocked, id=22756, stack(0x000000007c1e0000,0x000000007c2e0000)]
  0x00000000316ea000 JavaThread "File IO Thread" [_thread_blocked, id=17396, stack(0x0000000071e40000,0x0000000071f40000)]
  0x00000000487c6800 JavaThread "C&B Model Cache Cleanup" [_thread_blocked, id=19332, stack(0x0000000047e10000,0x0000000047f10000)]
  0x00000000295dc800 JavaThread "LWJGL Timer" daemon [_thread_blocked, id=19960, stack(0x000000003cfd0000,0x000000003d0d0000)]
  0x000000002b73d800 JavaThread "Thread-5" [_thread_blocked, id=5524, stack(0x000000003ced0000,0x000000003cfd0000)]
  0x000000002e06b000 JavaThread "Java2D Disposer" daemon [_thread_blocked, id=12792, stack(0x000000002fb60000,0x000000002fc60000)]
  0x000000002dc45800 JavaThread "Timer hack thread" daemon [_thread_blocked, id=18512, stack(0x000000002f9c0000,0x000000002fac0000)]
  0x000000002df3a800 JavaThread "Snooper Timer" daemon [_thread_blocked, id=7980, stack(0x000000002c4d0000,0x000000002c5d0000)]
  0x0000000027e0a800 JavaThread "Service Thread" daemon [_thread_blocked, id=9568, stack(0x0000000028790000,0x0000000028890000)]
  0x0000000027dcd000 JavaThread "C1 CompilerThread3" daemon [_thread_blocked, id=21904, stack(0x0000000028690000,0x0000000028790000)]
  0x0000000027dc9000 JavaThread "C2 CompilerThread2" daemon [_thread_in_native, id=7640, stack(0x0000000028590000,0x0000000028690000)]
=>0x0000000027dbf800 JavaThread "C2 CompilerThread1" daemon [_thread_in_native, id=24904, stack(0x0000000028490000,0x0000000028590000)]
  0x0000000027dbb800 JavaThread "C2 CompilerThread0" daemon [_thread_blocked, id=12436, stack(0x0000000028390000,0x0000000028490000)]
  0x0000000027db8800 JavaThread "Attach Listener" daemon [_thread_blocked, id=23160, stack(0x0000000028290000,0x0000000028390000)]
  0x0000000027db7800 JavaThread "Signal Dispatcher" daemon [_thread_blocked, id=15568, stack(0x0000000028190000,0x0000000028290000)]
  0x0000000002d2c000 JavaThread "Finalizer" daemon [_thread_blocked, id=7196, stack(0x0000000027c90000,0x0000000027d90000)]
  0x0000000025d9d000 JavaThread "Reference Handler" daemon [_thread_blocked, id=19020, stack(0x0000000027b90000,0x0000000027c90000)]
  0x0000000002c34800 JavaThread "Client thread" [_thread_in_Java, id=25288, stack(0x0000000002b30000,0x0000000002c30000)]

Other Threads:
  0x0000000025d98000 VMThread [stack: 0x0000000027a90000,0x0000000027b90000] [id=17136]
  0x0000000027e0d800 WatcherThread [stack: 0x0000000028890000,0x0000000028990000] [id=12120]

VM state:not at safepoint (normal execution)

VM Mutex/Monitor currently owned by a thread: None

Heap:
 PSYoungGen      total 1547264K, used 1127589K [0x0000000715580000, 0x00000007c0000000, 0x00000007c0000000)
  eden space 945664K, 65% used [0x0000000715580000,0x000000073b0097e0,0x000000074f100000)
  from space 601600K, 84% used [0x000000074f100000,0x000000076e39ff20,0x0000000773c80000)
  to   space 931840K, 0% used [0x0000000787200000,0x0000000787200000,0x00000007c0000000)
 ParOldGen       total 1967616K, used 1464737K [0x00000005c0000000, 0x0000000638180000, 0x0000000715580000)
  object space 1967616K, 74% used [0x00000005c0000000,0x00000006196684b0,0x0000000638180000)
 Metaspace       used 240106K, capacity 245185K, committed 245720K, reserved 1251328K
  class space    used 42295K, capacity 43981K, committed 44032K, reserved 1048576K

Card table byte_map: [0x00000000120f0000,0x0000000013100000] byte_map_base: 0x000000000f2f0000

Marking Bits: (ParMarkBitMap*) 0x000000006d974040
 Begin Bits: [0x00000000143b0000, 0x000000001c3b0000)
 End Bits:   [0x000000001c3b0000, 0x00000000243b0000)

Polling page: 0x0000000001200000

CodeCache: size=245760Kb used=50633Kb max_used=50690Kb free=195127Kb
 bounds [0x0000000002d30000, 0x0000000005f70000, 0x0000000011d30000]
 total_blobs=15238 nmethods=13611 adapters=1538
 compilation: enabled

Compilation events (10 events):
Event: 383.195 Thread 0x0000000027dcd000 nmethod 20348 0x0000000005de0850 code [0x0000000005de09c0, 0x0000000005de0ca8]
Event: 383.206 Thread 0x0000000027dcd000 20349       3       com.google.common.collect.ImmutableBiMap::builder (8 bytes)
Event: 383.207 Thread 0x0000000027dcd000 nmethod 20349 0x00000000055d2e50 code [0x00000000055d2fc0, 0x00000000055d3370]
Event: 383.207 Thread 0x0000000027dcd000 20350       3       com.google.common.collect.ImmutableBiMap$Builder::<init> (5 bytes)
Event: 383.207 Thread 0x0000000027dcd000 nmethod 20350 0x0000000003ec1ed0 code [0x0000000003ec2040, 0x0000000003ec2370]
Event: 383.208 Thread 0x0000000027dcd000 20351       3       com.google.common.collect.ImmutableBiMap$Builder::put (7 bytes)
Event: 383.209 Thread 0x0000000027dcd000 nmethod 20351 0x0000000005dac690 code [0x0000000005dac800, 0x0000000005daca68]
Event: 383.242 Thread 0x0000000027dcd000 20352       3       gnu.trove.iterator.hash.TObjectHashIterator::objectAtIndex (28 bytes)
Event: 383.247 Thread 0x0000000027dcd000 nmethod 20352 0x00000000055d2990 code [0x00000000055d2b00, 0x00000000055d2d30]
Event: 383.258 Thread 0x0000000027dc9000 20353       4       gnu.trove.set.hash.TCustomHashSet::rehash (109 bytes)

GC Heap History (10 events):
Event: 364.716 GC heap before
{Heap before GC invocations=65 (full 7):
 PSYoungGen      total 1962496K, used 1564461K [0x0000000715580000, 0x00000007c0000000, 0x00000007c0000000)
  eden space 1128960K, 100% used [0x0000000715580000,0x000000075a400000,0x000000075a400000)
  from space 833536K, 52% used [0x000000075a400000,0x0000000774d4b460,0x000000078d200000)
  to   space 833024K, 0% used [0x000000078d280000,0x000000078d280000,0x00000007c0000000)
 ParOldGen       total 1464832K, used 1053597K [0x00000005c0000000, 0x0000000619680000, 0x0000000715580000)
  object space 1464832K, 71% used [0x00000005c0000000,0x00000006004e7518,0x0000000619680000)
 Metaspace       used 238668K, capacity 243647K, committed 244056K, reserved 1249280K
  class space    used 42139K, capacity 43826K, committed 43904K, reserved 1048576K
Event: 365.261 GC heap after
Heap after GC invocations=65 (full 7):
 PSYoungGen      total 1918976K, used 572024K [0x0000000715580000, 0x00000007c0000000, 0x00000007c0000000)
  eden space 1085952K, 0% used [0x0000000715580000,0x0000000715580000,0x0000000757a00000)
  from space 833024K, 68% used [0x000000078d280000,0x00000007b011e138,0x00000007c0000000)
  to   space 855040K, 0% used [0x0000000757a00000,0x0000000757a00000,0x000000078bd00000)
 ParOldGen       total 1464832K, used 1071938K [0x00000005c0000000, 0x0000000619680000, 0x0000000715580000)
  object space 1464832K, 73% used [0x00000005c0000000,0x00000006016d09c8,0x0000000619680000)
 Metaspace       used 238668K, capacity 243647K, committed 244056K, reserved 1249280K
  class space    used 42139K, capacity 43826K, committed 43904K, reserved 1048576K
}
Event: 366.128 GC heap before
{Heap before GC invocations=66 (full 7):
 PSYoungGen      total 1918976K, used 1657976K [0x0000000715580000, 0x00000007c0000000, 0x00000007c0000000)
  eden space 1085952K, 100% used [0x0000000715580000,0x0000000757a00000,0x0000000757a00000)
  from space 833024K, 68% used [0x000000078d280000,0x00000007b011e138,0x00000007c0000000)
  to   space 855040K, 0% used [0x0000000757a00000,0x0000000757a00000,0x000000078bd00000)
 ParOldGen       total 1464832K, used 1071938K [0x00000005c0000000, 0x0000000619680000, 0x0000000715580000)
  object space 1464832K, 73% used [0x00000005c0000000,0x00000006016d09c8,0x0000000619680000)
 Metaspace       used 238767K, capacity 243787K, committed 244312K, reserved 1249280K
  class space    used 42150K, capacity 43828K, committed 43904K, reserved 1048576K
Event: 366.703 GC heap after
Heap after GC invocations=66 (full 7):
 PSYoungGen      total 1666560K, used 580444K [0x0000000715580000, 0x00000007c0000000, 0x00000007c0000000)
  eden space 1085952K, 0% used [0x0000000715580000,0x0000000715580000,0x0000000757a00000)
  from space 580608K, 99% used [0x0000000757a00000,0x000000077b0d7238,0x000000077b100000)
  to   space 872960K, 0% used [0x000000078ab80000,0x000000078ab80000,0x00000007c0000000)
 ParOldGen       total 1464832K, used 1244640K [0x00000005c0000000, 0x0000000619680000, 0x0000000715580000)
  object space 1464832K, 84% used [0x00000005c0000000,0x000000060bf783b0,0x0000000619680000)
 Metaspace       used 238767K, capacity 243787K, committed 244312K, reserved 1249280K
  class space    used 42150K, capacity 43828K, committed 43904K, reserved 1048576K
}
Event: 368.583 GC heap before
{Heap before GC invocations=67 (full 7):
 PSYoungGen      total 1666560K, used 1666396K [0x0000000715580000, 0x00000007c0000000, 0x00000007c0000000)
  eden space 1085952K, 100% used [0x0000000715580000,0x0000000757a00000,0x0000000757a00000)
  from space 580608K, 99% used [0x0000000757a00000,0x000000077b0d7238,0x000000077b100000)
  to   space 872960K, 0% used [0x000000078ab80000,0x000000078ab80000,0x00000007c0000000)
 ParOldGen       total 1464832K, used 1244640K [0x00000005c0000000, 0x0000000619680000, 0x0000000715580000)
  object space 1464832K, 84% used [0x00000005c0000000,0x000000060bf783b0,0x0000000619680000)
 Metaspace       used 239380K, capacity 244461K, committed 244824K, reserved 1251328K
  class space    used 42209K, capacity 43901K, committed 43904K, reserved 1048576K
Event: 369.033 GC heap after
Heap after GC invocations=67 (full 7):
 PSYoungGen      total 1818624K, used 690060K [0x0000000715580000, 0x00000007c0000000, 0x00000007c0000000)
  eden space 945664K, 0% used [0x0000000715580000,0x0000000715580000,0x000000074f100000)
  from space 872960K, 79% used [0x000000078ab80000,0x00000007b4d63008,0x00000007c0000000)
  to   space 925184K, 0% used [0x000000074f100000,0x000000074f100000,0x0000000787880000)
 ParOldGen       total 1464832K, used 1293423K [0x00000005c0000000, 0x0000000619680000, 0x0000000715580000)
  object space 1464832K, 88% used [0x00000005c0000000,0x000000060ef1bc90,0x0000000619680000)
 Metaspace       used 239380K, capacity 244461K, committed 244824K, reserved 1251328K
  class space    used 42209K, capacity 43901K, committed 43904K, reserved 1048576K
}
Event: 370.795 GC heap before
{Heap before GC invocations=68 (full 7):
 PSYoungGen      total 1818624K, used 1635724K [0x0000000715580000, 0x00000007c0000000, 0x00000007c0000000)
  eden space 945664K, 100% used [0x0000000715580000,0x000000074f100000,0x000000074f100000)
  from space 872960K, 79% used [0x000000078ab80000,0x00000007b4d63008,0x00000007c0000000)
  to   space 925184K, 0% used [0x000000074f100000,0x000000074f100000,0x0000000787880000)
 ParOldGen       total 1464832K, used 1293423K [0x00000005c0000000, 0x0000000619680000, 0x0000000715580000)
  object space 1464832K, 88% used [0x00000005c0000000,0x000000060ef1bc90,0x0000000619680000)
 Metaspace       used 239655K, capacity 244757K, committed 245208K, reserved 1251328K
  class space    used 42243K, capacity 43935K, committed 44032K, reserved 1048576K
Event: 371.187 GC heap after
Heap after GC invocations=68 (full 7):
 PSYoungGen      total 1547264K, used 601122K [0x0000000715580000, 0x00000007c0000000, 0x00000007c0000000)
  eden space 945664K, 0% used [0x0000000715580000,0x0000000715580000,0x000000074f100000)
  from space 601600K, 99% used [0x000000074f100000,0x0000000773c08a28,0x0000000773c80000)
  to   space 931840K, 0% used [0x0000000787200000,0x0000000787200000,0x00000007c0000000)
 ParOldGen       total 1464832K, used 1387527K [0x00000005c0000000, 0x0000000619680000, 0x0000000715580000)
  object space 1464832K, 94% used [0x00000005c0000000,0x0000000614b01ca8,0x0000000619680000)
 Metaspace       used 239655K, capacity 244757K, committed 245208K, reserved 1251328K
  class space    used 42243K, capacity 43935K, committed 44032K, reserved 1048576K
}
Event: 371.187 GC heap before
{Heap before GC invocations=69 (full 8):
 PSYoungGen      total 1547264K, used 601122K [0x0000000715580000, 0x00000007c0000000, 0x00000007c0000000)
  eden space 945664K, 0% used [0x0000000715580000,0x0000000715580000,0x000000074f100000)
  from space 601600K, 99% used [0x000000074f100000,0x0000000773c08a28,0x0000000773c80000)
  to   space 931840K, 0% used [0x0000000787200000,0x0000000787200000,0x00000007c0000000)
 ParOldGen       total 1464832K, used 1387527K [0x00000005c0000000, 0x0000000619680000, 0x0000000715580000)
  object space 1464832K, 94% used [0x00000005c0000000,0x0000000614b01ca8,0x0000000619680000)
 Metaspace       used 239655K, capacity 244757K, committed 245208K, reserved 1251328K
  class space    used 42243K, capacity 43935K, committed 44032K, reserved 1048576K
Event: 380.210 GC heap after
Heap after GC invocations=69 (full 8):
 PSYoungGen      total 1547264K, used 510591K [0x0000000715580000, 0x00000007c0000000, 0x00000007c0000000)
  eden space 945664K, 0% used [0x0000000715580000,0x0000000715580000,0x000000074f100000)
  from space 601600K, 84% used [0x000000074f100000,0x000000076e39ff20,0x0000000773c80000)
  to   space 931840K, 0% used [0x0000000787200000,0x0000000787200000,0x00000007c0000000)
 ParOldGen       total 1967616K, used 1464737K [0x00000005c0000000, 0x0000000638180000, 0x0000000715580000)
  object space 1967616K, 74% used [0x00000005c0000000,0x00000006196684b0,0x0000000638180000)
 Metaspace       used 239655K, capacity 244757K, committed 245208K, reserved 1251328K
  class space    used 42243K, capacity 43935K, committed 44032K, reserved 1048576K
}

Deoptimization events (10 events):
Event: 382.427 Thread 0x0000000002c34800 Uncommon trap: reason=unstable_if action=reinterpret pc=0x0000000005d5b4d8 method=net.minecraftforge.client.model.MultiModelState$MultiModelPart.equals(Ljava/lang/Object;)Z @ 2
Event: 382.473 Thread 0x0000000002c34800 Uncommon trap: reason=unstable_if action=reinterpret pc=0x0000000005d7a8b4 method=pl.asie.foamfix.client.Deduplicator.deduplicateObject(Ljava/lang/Object;I)Ljava/lang/Object; @ 9
Event: 382.684 Thread 0x0000000002c34800 Uncommon trap: reason=class_check action=maybe_recompile pc=0x0000000005d31450 method=gnu.trove.impl.hash.TCustomObjectHash.hash(Ljava/lang/Object;)I @ 5
Event: 382.800 Thread 0x0000000002c34800 Uncommon trap: reason=null_assert action=make_not_entrant pc=0x0000000005dd8c04 method=pl.asie.foamfix.client.Deduplicator.deduplicateObject(Ljava/lang/Object;I)Ljava/lang/Object; @ 1166
Event: 382.864 Thread 0x0000000002c34800 Uncommon trap: reason=unstable_if action=reinterpret pc=0x000000000414965c method=pl.asie.foamfix.client.Deduplicator.deduplicate0(Ljava/lang/Object;)Ljava/lang/Object; @ 259
Event: 382.901 Thread 0x0000000002c34800 Uncommon trap: reason=unstable_if action=reinterpret pc=0x000000000375a450 method=java.lang.Class.isEnum()Z @ 18
Event: 383.258 Thread 0x0000000002c34800 Uncommon trap: reason=bimorphic action=maybe_recompile pc=0x000000000560a4a0 method=gnu.trove.impl.hash.TCustomObjectHash.hash(Ljava/lang/Object;)I @ 5
Event: 383.259 Thread 0x0000000002c34800 Uncommon trap: reason=bimorphic action=maybe_recompile pc=0x000000000560a4a0 method=gnu.trove.impl.hash.TCustomObjectHash.hash(Ljava/lang/Object;)I @ 5
Event: 383.259 Thread 0x0000000002c34800 Uncommon trap: reason=bimorphic action=maybe_recompile pc=0x000000000560a4a0 method=gnu.trove.impl.hash.TCustomObjectHash.hash(Ljava/lang/Object;)I @ 5
Event: 383.259 Thread 0x0000000002c34800 Uncommon trap: reason=bimorphic action=maybe_recompile pc=0x000000000560a4a0 method=gnu.trove.impl.hash.TCustomObjectHash.hash(Ljava/lang/Object;)I @ 5

Internal exceptions (10 events):
Event: 367.837 Thread 0x0000000002c34800 Exception <a 'java/io/IOException'> (0x00000007513b2b18) thrown at [C:\re\workspace\8-2-build-windows-amd64-cygwin\jdk8u51\3951\hotspot\src\share\vm\prims\jni.cpp, line 709]
Event: 367.838 Thread 0x0000000002c34800 Exception <a 'java/io/IOException'> (0x00000007513bfeb0) thrown at [C:\re\workspace\8-2-build-windows-amd64-cygwin\jdk8u51\3951\hotspot\src\share\vm\prims\jni.cpp, line 709]
Event: 367.840 Thread 0x0000000002c34800 Exception <a 'java/io/IOException'> (0x000000075140abb8) thrown at [C:\re\workspace\8-2-build-windows-amd64-cygwin\jdk8u51\3951\hotspot\src\share\vm\prims\jni.cpp, line 709]
Event: 367.841 Thread 0x0000000002c34800 Exception <a 'java/io/IOException'> (0x00000007514172b8) thrown at [C:\re\workspace\8-2-build-windows-amd64-cygwin\jdk8u51\3951\hotspot\src\share\vm\prims\jni.cpp, line 709]
Event: 381.860 Thread 0x0000000002c34800 Exception <a 'java/io/IOException'> (0x0000000738cb5928) thrown at [C:\re\workspace\8-2-build-windows-amd64-cygwin\jdk8u51\3951\hotspot\src\share\vm\prims\jni.cpp, line 709]
Event: 381.861 Thread 0x0000000002c34800 Exception <a 'java/io/IOException'> (0x0000000738cc38a8) thrown at [C:\re\workspace\8-2-build-windows-amd64-cygwin\jdk8u51\3951\hotspot\src\share\vm\prims\jni.cpp, line 709]
Event: 381.864 Thread 0x0000000002c34800 Exception <a 'java/io/IOException'> (0x0000000738cfa668) thrown at [C:\re\workspace\8-2-build-windows-amd64-cygwin\jdk8u51\3951\hotspot\src\share\vm\prims\jni.cpp, line 709]
Event: 381.864 Thread 0x0000000002c34800 Exception <a 'java/io/IOException'> (0x0000000738d07120) thrown at [C:\re\workspace\8-2-build-windows-amd64-cygwin\jdk8u51\3951\hotspot\src\share\vm\prims\jni.cpp, line 709]
Event: 381.869 Thread 0x0000000002c34800 Exception <a 'java/io/IOException'> (0x0000000738d74858) thrown at [C:\re\workspace\8-2-build-windows-amd64-cygwin\jdk8u51\3951\hotspot\src\share\vm\prims\jni.cpp, line 709]
Event: 381.869 Thread 0x0000000002c34800 Exception <a 'java/io/IOException'> (0x0000000738d82768) thrown at [C:\re\workspace\8-2-build-windows-amd64-cygwin\jdk8u51\3951\hotspot\src\share\vm\prims\jni.cpp, line 709]

Events (10 events):
Event: 383.258 Thread 0x0000000002c34800 DEOPT UNPACKING pc=0x0000000002d7582a sp=0x0000000002c2db58 mode 2
Event: 383.259 Thread 0x0000000002c34800 Uncommon trap: trap_request=0xffffffc6 fr.pc=0x000000000560a4a0
Event: 383.259 Thread 0x0000000002c34800 DEOPT PACKING pc=0x000000000560a4a0 sp=0x0000000002c2dc50
Event: 383.259 Thread 0x0000000002c34800 DEOPT UNPACKING pc=0x0000000002d7582a sp=0x0000000002c2db58 mode 2
Event: 383.259 Thread 0x0000000002c34800 Uncommon trap: trap_request=0xffffffc6 fr.pc=0x000000000560a4a0
Event: 383.259 Thread 0x0000000002c34800 DEOPT PACKING pc=0x000000000560a4a0 sp=0x0000000002c2dc50
Event: 383.259 Thread 0x0000000002c34800 DEOPT UNPACKING pc=0x0000000002d7582a sp=0x0000000002c2db58 mode 2
Event: 383.259 Thread 0x0000000002c34800 Uncommon trap: trap_request=0xffffffc6 fr.pc=0x000000000560a4a0
Event: 383.259 Thread 0x0000000002c34800 DEOPT PACKING pc=0x000000000560a4a0 sp=0x0000000002c2dc50
Event: 383.259 Thread 0x0000000002c34800 DEOPT UNPACKING pc=0x0000000002d7582a sp=0x0000000002c2db58 mode 2


Dynamic libraries:
0x00007ff754520000 - 0x00007ff754557000 	D:\twitch\Install\runtime\jre-x64\bin\javaw.exe
0x00007ff8d0690000 - 0x00007ff8d0871000 	C:\WINDOWS\SYSTEM32\ntdll.dll
0x00007ff8cfc60000 - 0x00007ff8cfd11000 	C:\WINDOWS\System32\KERNEL32.DLL
0x00007ff8cd470000 - 0x00007ff8cd6e3000 	C:\WINDOWS\System32\KERNELBASE.dll
0x00007ff8cfbb0000 - 0x00007ff8cfc51000 	C:\WINDOWS\System32\ADVAPI32.dll
0x00007ff8cdef0000 - 0x00007ff8cdf8e000 	C:\WINDOWS\System32\msvcrt.dll
0x00007ff8cde90000 - 0x00007ff8cdeeb000 	C:\WINDOWS\System32\sechost.dll
0x00007ff8d0260000 - 0x00007ff8d0384000 	C:\WINDOWS\System32\RPCRT4.dll
0x00007ff8ce010000 - 0x00007ff8ce1a0000 	C:\WINDOWS\System32\USER32.dll
0x00007ff8cd8e0000 - 0x00007ff8cd900000 	C:\WINDOWS\System32\win32u.dll
0x00007ff8d0630000 - 0x00007ff8d0658000 	C:\WINDOWS\System32\GDI32.dll
0x00007ff8cca60000 - 0x00007ff8ccbf2000 	C:\WINDOWS\System32\gdi32full.dll
0x00007ff8cda80000 - 0x00007ff8cdb1f000 	C:\WINDOWS\System32\msvcp_win.dll
0x00007ff8cd980000 - 0x00007ff8cda78000 	C:\WINDOWS\System32\ucrtbase.dll
0x00007ff8c0dd0000 - 0x00007ff8c1039000 	C:\WINDOWS\WinSxS\amd64_microsoft.windows.common-controls_6595b64144ccf1df_6.0.17134.706_none_fb43a2cb30647007\COMCTL32.dll
0x00007ff8cfec0000 - 0x00007ff8d01e2000 	C:\WINDOWS\System32\combase.dll
0x00007ff8cd900000 - 0x00007ff8cd97a000 	C:\WINDOWS\System32\bcryptPrimitives.dll
0x00007ff8cdcf0000 - 0x00007ff8cdd1d000 	C:\WINDOWS\System32\IMM32.DLL
0x0000000071360000 - 0x0000000071432000 	D:\twitch\Install\runtime\jre-x64\bin\msvcr100.dll
0x000000006d170000 - 0x000000006d9f3000 	D:\twitch\Install\runtime\jre-x64\bin\server\jvm.dll
0x00007ff8d04d0000 - 0x00007ff8d04d8000 	C:\WINDOWS\System32\PSAPI.DLL
0x00007ff8c2d00000 - 0x00007ff8c2d0a000 	C:\WINDOWS\SYSTEM32\VERSION.dll
0x00007ff8c8e90000 - 0x00007ff8c8e99000 	C:\WINDOWS\SYSTEM32\WSOCK32.dll
0x00007ff8bd4b0000 - 0x00007ff8bd4d3000 	C:\WINDOWS\SYSTEM32\WINMM.dll
0x00007ff8d0390000 - 0x00007ff8d03fc000 	C:\WINDOWS\System32\WS2_32.dll
0x00007ff8bd480000 - 0x00007ff8bd4aa000 	C:\WINDOWS\SYSTEM32\WINMMBASE.dll
0x00007ff8ccc00000 - 0x00007ff8ccc49000 	C:\WINDOWS\System32\cfgmgr32.dll
0x0000000072000000 - 0x000000007200f000 	D:\twitch\Install\runtime\jre-x64\bin\verify.dll
0x0000000071330000 - 0x0000000071359000 	D:\twitch\Install\runtime\jre-x64\bin\java.dll
0x0000000071310000 - 0x0000000071326000 	D:\twitch\Install\runtime\jre-x64\bin\zip.dll
0x00007ff8ce1a0000 - 0x00007ff8cf5e0000 	C:\WINDOWS\System32\SHELL32.dll
0x00007ff8cdde0000 - 0x00007ff8cde89000 	C:\WINDOWS\System32\shcore.dll
0x00007ff8ccd60000 - 0x00007ff8cd46d000 	C:\WINDOWS\System32\windows.storage.dll
0x00007ff8cdc90000 - 0x00007ff8cdce1000 	C:\WINDOWS\System32\shlwapi.dll
0x00007ff8cc9d0000 - 0x00007ff8cc9e1000 	C:\WINDOWS\System32\kernel.appcore.dll
0x00007ff8cc9b0000 - 0x00007ff8cc9cf000 	C:\WINDOWS\System32\profapi.dll
0x00007ff8cc9f0000 - 0x00007ff8cca3c000 	C:\WINDOWS\System32\powrprof.dll
0x00007ff8cc9a0000 - 0x00007ff8cc9aa000 	C:\WINDOWS\System32\FLTLIB.DLL
0x0000000071300000 - 0x000000007130d000 	D:\twitch\Install\runtime\jre-x64\bin\management.dll
0x00000000712e0000 - 0x00000000712fa000 	D:\twitch\Install\runtime\jre-x64\bin\net.dll
0x00007ff8cc220000 - 0x00007ff8cc286000 	C:\WINDOWS\system32\mswsock.dll
0x00007ff8b4c30000 - 0x00007ff8b4c46000 	C:\WINDOWS\system32\napinsp.dll
0x00007ff8b4c10000 - 0x00007ff8b4c2a000 	C:\WINDOWS\system32\pnrpnsp.dll
0x00007ff8c7170000 - 0x00007ff8c7189000 	C:\WINDOWS\system32\NLAapi.dll
0x00007ff8cbfe0000 - 0x00007ff8cc09e000 	C:\WINDOWS\SYSTEM32\DNSAPI.dll
0x00007ff8d0250000 - 0x00007ff8d0258000 	C:\WINDOWS\System32\NSI.dll
0x00007ff8cbfa0000 - 0x00007ff8cbfd8000 	C:\WINDOWS\SYSTEM32\IPHLPAPI.DLL
0x00007ff8b7ef0000 - 0x00007ff8b7efe000 	C:\WINDOWS\System32\winrnr.dll
0x00007ff8c7850000 - 0x00007ff8c7865000 	C:\WINDOWS\System32\wshbth.dll
0x00007ff8c5380000 - 0x00007ff8c538a000 	C:\Windows\System32\rasadhlp.dll
0x00007ff8c4e30000 - 0x00007ff8c4ea2000 	C:\WINDOWS\System32\fwpuclnt.dll
0x00007ff8cc500000 - 0x00007ff8cc525000 	C:\WINDOWS\SYSTEM32\bcrypt.dll
0x00000000712c0000 - 0x00000000712d1000 	D:\twitch\Install\runtime\jre-x64\bin\nio.dll
0x0000000071290000 - 0x00000000712b4000 	D:\twitch\Install\runtime\jre-x64\bin\sunec.dll
0x00007ff8cc3e0000 - 0x00007ff8cc3f7000 	C:\WINDOWS\SYSTEM32\CRYPTSP.dll
0x00007ff8cbe00000 - 0x00007ff8cbe33000 	C:\WINDOWS\system32\rsaenh.dll
0x00007ff8cc8a0000 - 0x00007ff8cc8c8000 	C:\WINDOWS\SYSTEM32\USERENV.dll
0x00007ff8cc3d0000 - 0x00007ff8cc3db000 	C:\WINDOWS\SYSTEM32\CRYPTBASE.dll
0x00007ff8c6370000 - 0x00007ff8c6386000 	C:\WINDOWS\SYSTEM32\dhcpcsvc6.DLL
0x00007ff8c62b0000 - 0x00007ff8c62ca000 	C:\WINDOWS\SYSTEM32\dhcpcsvc.DLL
0x0000000071270000 - 0x0000000071287000 	D:\twitch\Install\runtime\jre-x64\bin\unpack.dll
0x0000000180000000 - 0x0000000180053000 	C:\Users\jonas\AppData\Local\Temp\9202-b335-5cfb-5e21\lwjgl64.dll
0x00007ff8ba060000 - 0x00007ff8ba180000 	C:\WINDOWS\SYSTEM32\OPENGL32.dll
0x00007ff8c6540000 - 0x00007ff8c656c000 	C:\WINDOWS\SYSTEM32\GLU32.dll
0x00000000710d0000 - 0x0000000071268000 	D:\twitch\Install\runtime\jre-x64\bin\awt.dll
0x00007ff8d0400000 - 0x00007ff8d04c2000 	C:\WINDOWS\System32\OLEAUT32.dll
0x00007ff8cab00000 - 0x00007ff8cab8b000 	C:\WINDOWS\SYSTEM32\apphelp.dll
0x00007ff8cad60000 - 0x00007ff8cadf8000 	C:\WINDOWS\system32\uxtheme.dll
0x00007ff8cf5e0000 - 0x00007ff8cf753000 	C:\WINDOWS\System32\MSCTF.dll
0x00007ff8cb0b0000 - 0x00007ff8cb0d9000 	C:\WINDOWS\system32\dwmapi.dll
0x00007ff8bd860000 - 0x00007ff8bd8f6000 	C:\WINDOWS\System32\TextInputFramework.dll
0x00007ff8b7610000 - 0x00007ff8b792e000 	C:\WINDOWS\System32\CoreUIComponents.dll
0x00007ff8ca860000 - 0x00007ff8ca93a000 	C:\WINDOWS\System32\CoreMessaging.dll
0x00007ff8cba90000 - 0x00007ff8cbac1000 	C:\WINDOWS\SYSTEM32\ntmarta.dll
0x00007ff8c8cb0000 - 0x00007ff8c8dfd000 	C:\WINDOWS\SYSTEM32\wintypes.dll
0x00007ff871d90000 - 0x00007ff872ca8000 	C:\WINDOWS\System32\DriverStore\FileRepository\igdlh64.inf_amd64_ab736fe7f232ee1e\ig9icd64.dll
0x00007ff8c82f0000 - 0x00007ff8c8303000 	C:\WINDOWS\SYSTEM32\WTSAPI32.dll
0x00007ff8cb760000 - 0x00007ff8cb81b000 	C:\WINDOWS\SYSTEM32\dxgi.dll
0x00007ff8c8aa0000 - 0x00007ff8c8b48000 	C:\WINDOWS\SYSTEM32\mscms.dll
0x00007ff8c8be0000 - 0x00007ff8c8bf0000 	C:\WINDOWS\SYSTEM32\ColorAdapterClient.dll
0x00007ff8c8070000 - 0x00007ff8c80b3000 	C:\WINDOWS\SYSTEM32\icm32.dll
0x00007ff8b3430000 - 0x00007ff8b4a21000 	C:\WINDOWS\System32\DriverStore\FileRepository\igdlh64.inf_amd64_ab736fe7f232ee1e\igc64.dll
0x00007ff8b6d20000 - 0x00007ff8b6d62000 	C:\Users\jonas\AppData\Local\Temp\jna-101308859\jna4935423526807915982.dll
0x00007ff8b0ac0000 - 0x00007ff8b0b5b000 	D:\twitch\Instances\Enigmatica 2 Expert\discordsuite\win32-x86-64\discord-rpc.dll
0x0000000071090000 - 0x00000000710c1000 	D:\twitch\Install\runtime\jre-x64\bin\jpeg.dll
0x00007ff8a5bb0000 - 0x00007ff8a5cdd000 	D:\twitch\Instances\Enigmatica 2 Expert\OpenComputersMod-1.7.4.153-lua52-native.64.dll
0x00007ff8a4a80000 - 0x00007ff8a4c21000 	D:\twitch\Instances\Enigmatica 2 Expert\OpenComputersMod-1.7.4.153-lua53-native.64.dll
0x0000000034720000 - 0x0000000034784000 	C:\Users\jonas\AppData\Local\Temp\9202-b335-5cfb-5e21\OpenAL64.dll
0x00007ff8cdb30000 - 0x00007ff8cdc81000 	C:\WINDOWS\System32\ole32.dll
0x00007ff8cdd20000 - 0x00007ff8cddc0000 	C:\WINDOWS\System32\clbcatq.dll
0x00007ff8c5e70000 - 0x00007ff8c5ee6000 	C:\WINDOWS\System32\MMDevApi.dll
0x00007ff8cc7b0000 - 0x00007ff8cc7d7000 	C:\WINDOWS\System32\DEVOBJ.dll
0x00007ff8cb490000 - 0x00007ff8cb644000 	C:\WINDOWS\System32\PROPSYS.dll
0x00007ff8ba3b0000 - 0x00007ff8ba43f000 	C:\WINDOWS\SYSTEM32\dsound.dll
0x00007ff8b7310000 - 0x00007ff8b743c000 	C:\WINDOWS\SYSTEM32\AUDIOSES.DLL
0x00007ff8c8c00000 - 0x00007ff8c8c0a000 	C:\WINDOWS\SYSTEM32\AVRT.dll
0x00007ff8c6710000 - 0x00007ff8c68d9000 	C:\WINDOWS\SYSTEM32\dbghelp.dll

VM Arguments:
jvm_args: -Dos.name=Windows 10 -Dos.version=10.0 -XX:HeapDumpPath=MojangTricksIntelDriversForPerformance_javaw.exe_minecraft.exe.heapdump -Djava.library.path=C:\Users\jonas\AppData\Local\Temp\9202-b335-5cfb-5e21 -Dminecraft.launcher.brand=minecraft-launcher -Dminecraft.launcher.version=2.1.3674 -Dminecraft.client.jar=D:\twitch\Install\versions\1.12.2\1.12.2.jar -Xmx8192m -Xms256m -XX:PermSize=256m -Dminecraft.applet.TargetDirectory=D:\twitch\Instances\Enigmatica 2 Expert -Dfml.ignorePatchDiscrepancies=true -Dfml.ignoreInvalidMinecraftCertificates=true -Duser.language=en -Duser.country=US -Dlog4j.configurationFile=D:\twitch\Install\assets\log_configs\client-1.12.xml 
java_command: net.minecraft.launchwrapper.Launch --username kruidvat --version forge-14.23.5.2781 --gameDir D:\twitch\Instances\Enigmatica 2 Expert\ --assetsDir D:\twitch\Install/assets --assetIndex 1.12 --uuid 2174e55136834b98a52d03730a4fdb22 --accessToken dbd2452b34c34c388704d383a89ca1a5 --userType mojang --tweakClass net.minecraftforge.fml.common.launcher.FMLTweaker --versionType Forge --width 1024 --height 768
java_class_path (initial): D:\twitch\Install\libraries\net\minecraftforge\forge\1.12.2-14.23.5.2781\forge-1.12.2-14.23.5.2781.jar;D:\twitch\Install\libraries\net\minecraft\launchwrapper\1.12\launchwrapper-1.12.jar;D:\twitch\Install\libraries\org\ow2\asm\asm-all\5.2\asm-all-5.2.jar;D:\twitch\Install\libraries\org\jline\jline\3.5.1\jline-3.5.1.jar;D:\twitch\Install\libraries\net\java\dev\jna\jna\4.4.0\jna-4.4.0.jar;D:\twitch\Install\libraries\com\typesafe\akka\akka-actor_2.11\2.3.3\akka-actor_2.11-2.3.3.jar;D:\twitch\Install\libraries\com\typesafe\config\1.2.1\config-1.2.1.jar;D:\twitch\Install\libraries\org\scala-lang\scala-actors-migration_2.11\1.1.0\scala-actors-migration_2.11-1.1.0.jar;D:\twitch\Install\libraries\org\scala-lang\scala-compiler\2.11.1\scala-compiler-2.11.1.jar;D:\twitch\Install\libraries\org\scala-lang\plugins\scala-continuations-library_2.11\1.0.2\scala-continuations-library_2.11-1.0.2.jar;D:\twitch\Install\libraries\org\scala-lang\plugins\scala-continuations-plugin_2.11.1\1.0.2\scala-continuations-plugin_2.11.1-1.0.2.jar;D:\twitch\Install\libraries\org\scala-lang\scala-library\2.11.1\scala-library-2.11.1.jar;D:\twitch\Install\libraries\org\scala-lang\scala-parser-combinators_2.11\1.0.1\scala-parser-combinators_2.11-1.0.1.jar;D:\twitch\Install\libraries\org\scala-lang\scala-reflect\2.11.1\scala-reflect-2.11.1.jar;D:\twitch\Install\libraries\org\scala-lang\scala-swing_2.11\1.0.1\scala-swing_2.11-1.0.1.jar;D:\twitch\Install\libraries\org\scala-lang\scala-xml_2.11\1.0.2\scala-xml_2.11-1.0.2.jar;D:\twitch\Install\libraries\lzma\lzma\0.0.1\lzma-0.0.1.jar;D:\twitch\Install\libraries\net\sf\jopt-simple\jopt-simple\5.0.3\jopt-simple-5.0.3.jar;D:\twitch\Install\libraries\java3d\vecmath\1.5.2\vecmath-1.5.2.jar;D:\twitch\Install\libraries\net\sf\trove4j\trove4j\3.0.3\trove4j-3.0.3.jar;D:\twitch\Install\libraries\org\apache\maven\maven-artifact\3.5.3\maven-artifact-3.5.3.jar;D:\twitch\Install\libraries\com\mojang\patchy\1.1\patchy-1.1.jar;D:\twitch\Install\l
Launcher Type: SUN_STANDARD

Environment Variables:
PATH=C:\Program Files (x86)\Common Files\Oracle\Java\javapath;C:\Program Files (x86)\Intel\iCLS Client\;C:\Program Files\Intel\iCLS Client\;C:\Windows\system32;C:\Windows;C:\Windows\System32\Wbem;C:\Windows\System32\WindowsPowerShell\v1.0\;C:\Program Files (x86)\Intel\Intel(R) Management Engine Components\DAL;C:\Program Files\Intel\Intel(R) Management Engine Components\DAL;C:\Program Files (x86)\Intel\Intel(R) Management Engine Components\IPT;C:\Program Files\Intel\Intel(R) Management Engine Components\IPT;C:\Program Files (x86)\NVIDIA Corporation\PhysX\Common;C:\Program Files\dotnet\;C:\WINDOWS\system32;C:\WINDOWS;C:\WINDOWS\System32\Wbem;C:\WINDOWS\System32\WindowsPowerShell\v1.0\;C:\WINDOWS\System32\OpenSSH\;C:\Program Files\Microsoft SQL Server\130\Tools\Binn\;C:\Users\jonas\AppData\Local\Microsoft\WindowsApps;
USERNAME=jonas
OS=Windows_NT
PROCESSOR_IDENTIFIER=Intel64 Family 6 Model 142 Stepping 10, GenuineIntel



---------------  S Y S T E M  ---------------

OS: Windows 10.0 , 64 bit Build 17134 (10.0.17134.706)

CPU:total 8 (4 cores per cpu, 2 threads per core) family 6 model 142 stepping 10, cmov, cx8, fxsr, mmx, sse, sse2, sse3, ssse3, sse4.1, sse4.2, popcnt, avx, avx2, aes, clmul, erms, 3dnowpref, lzcnt, ht, tsc, tscinvbit, bmi1, bmi2, adx

Memory: 4k page, physical 12455524k(852868k free), swap 21892708k(5452860k free)

vm_info: Java HotSpot(TM) 64-Bit Server VM (25.51-b03) for windows-amd64 JRE (1.8.0_51-b16), built on Jun  8 2015 18:03:07 by "java_re" with MS VC++ 10.0 (VS2010)

time: Mon Apr 29 18:44:05 2019
elapsed time: 383 seconds (0d 0h 6m 23s)

