[16:19:21] [Client thread/INFO] [JMLogger] JourneyMap log initialized.
[16:19:21] [Client thread/INFO] [JourneymapClient] initialize ENTER
[16:19:22] [Client thread/ERROR] [JMLogger] Default theme not found in D:\twitch\Instances\Enigmatica 2 Expert\journeymap\icon\theme\flat\OceanMonument.theme2.json: OceanMonument (SUPPRESSED)
[16:19:22] [Client thread/WARN] [PropertiesBase] core (Initialized) Bad configField entry during updateFrom(): optionsManagerViewed=null
[16:19:22] [Client thread/WARN] [PropertiesBase] core (Initialized) Bad configField entry during updateFrom(): splashViewed=null
[16:19:22] [Client thread/INFO] [?] Version: JourneyMap 1.12.2-5.5.4, built with Forge 14.23.5.2768
Forge: 14.23.5.2781
Environment: os.name, os.arch, java.version, user.country, user.language=null, game language=en_us, locale=en_us
Features: 
	RadarPlayers : singleplayer = true , multiplayer = true
	RadarAnimals : singleplayer = true , multiplayer = true
	RadarMobs : singleplayer = true , multiplayer = true
	RadarVillagers : singleplayer = true , multiplayer = true
	MapTopo : singleplayer = true , multiplayer = true
	MapSurface : singleplayer = true , multiplayer = true
	MapCaves : singleplayer = true , multiplayer = true
MiniMapProperties{state=Valid, file=journeymap.minimap.config, configVersion=5.5.4, zoomLevel=0, showPlayers=true, frameAlpha=100, compassFontScale=1, terrainAlpha=100, showEntityNames=true, enabled=true, showPlayerHeading=true, showVillagers=true, info2Label=Game Time, sizePercent=30, showDayNight=true, info3Label=Location, showMobs=true, showPets=true, preferredMapType=day, showCompass=true, mobDisplay=Small Dots, showReticle=true, orientation=North, shape=Circle, showSelf=true, info4Label=Biome, locationFormat=xzyv, playerDisplay=Small Dots, showGrid=true, reticleOrientation=Compass, showWaypoints=true, showCaves=true, showAnimals=true, showMobHeading=true, showWaypointLabels=true, locationFormatVerbose=true, position=Top Right, info1Label=Blank, fontScale=1}
MiniMapProperties{state=Valid, file=journeymap.minimap2.config, configVersion=5.5.4, zoomLevel=0, showPlayers=true, frameAlpha=100, compassFontScale=1, terrainAlpha=100, showEntityNames=true, enabled=true, showPlayerHeading=true, showVillagers=true, info2Label=Game Time, sizePercent=30, showDayNight=true, info3Label=Location, showMobs=true, showPets=true, preferredMapType=day, showCompass=true, mobDisplay=Small Dots, showReticle=true, orientation=North, shape=Rectangle, showSelf=true, info4Label=Biome, locationFormat=xzyv, playerDisplay=Small Dots, showGrid=true, reticleOrientation=Compass, showWaypoints=true, showCaves=true, showAnimals=true, showMobHeading=true, showWaypointLabels=true, locationFormatVerbose=true, position=Top Right, info1Label=Blank, fontScale=1}
FullMapProperties{state=Valid, file=journeymap.fullmap.config, configVersion=5.5.4, mobDisplay=Small Dots, zoomLevel=0, showPlayers=true, showSelf=true, locationFormat=xzyv, playerDisplay=Small Dots, showGrid=true, showEntityNames=true, showPlayerHeading=true, showVillagers=true, showWaypoints=true, showCaves=true, showAnimals=true, showMobHeading=true, showKeys=true, showWaypointLabels=true, locationFormatVerbose=true, showMobs=true, showPets=true, fontScale=1, preferredMapType=day}
WaypointProperties{state=Valid, file=journeymap.waypoint.config, configVersion=5.5.4, createDeathpoints=true, showName=true, maxDistance=0, autoHideLabel=true, showStaticBeam=true, minDistance=4, boldLabel=false, textureSmall=true, showDistance=true, showRotatingBeam=true, fontScale=2, showTexture=true, managerEnabled=true, beaconEnabled=true}
WebMapProperties{state=Valid, file=journeymap.webmap.config, configVersion=5.5.4, zoomLevel=0, showWaypoints=true, showCaves=true, showSelf=true, port=8080, showGrid=true, showEntityNames=true, enabled=false, googleMapApiDomain=.com, preferredMapType=day}
CoreProperties{state=Valid, file=journeymap.core.config, configVersion=5.5.4, verboseColorPalette=false, maxPlayersData=32, mapSurfaceAboveCaves=true, optionsManagerViewed=null, announceMod=true, colorPassive=#bbbbbb, renderOverlayEventTypeName=ALL, mapBlendWater=false, renderDistanceSurfaceMax=5, radarVerticalDistance=16, mapBlendGrass=true, recordCacheStats=false, hideSneakingEntities=true, revealShape=Circle, alwaysMapSurface=false, colorVillager=#88e188, mapPlants=false, colorPet=#0077ff, radarLateralDistance=64, mapBathymetry=false, mapCrops=true, maxMobsData=32, mapPlantShadows=false, alwaysMapCaves=false, checkUpdates=true, browserPoll=2000, mapBlendFoliage=true, mappingEnabled=true, colorPlayer=#ffffff, tileHighDisplayQuality=true, cacheVillagersData=2200, logLevel=INFO, maxVillagersData=32, maxAnimalsData=32, mapTransparency=true, tileRenderType=1, caveIgnoreGlass=true, mapTopography=true, renderDistanceCaveMax=3, mapAntialiasing=true, colorSelf=#0000ff, cachePlayersData=2000, cacheMobsData=3000, cachePlayerData=1000, splashViewed=null, colorHostile=#ff0000, cacheAnimalsData=3100, themeName=OceanMonument, mapCaveLighting=true, renderDelay=2, renderOverlayPreEvent=true, autoMapPoll=2000}
[16:19:22] [Client thread/INFO] [ClientAPI] [ClientAPI] built with JourneyMap API 1.4
[16:19:22] [Client thread/INFO] [PluginHelper] Initializing plugins with Client API: journeymap.client.api.impl.ClientAPI
[16:19:22] [Client thread/INFO] [PluginHelper] Initialized IClientPlugin: com.feed_the_beast.ftbutilities.integration.JourneyMapIntegration
[16:19:22] [Client thread/INFO] [JourneymapClient] initialize EXIT, elapsed count 0 avg ?ms
[16:20:56] [Client thread/ERROR] [FileHandler] Couldn't locate icons for Default: D:\twitch\Instances\Enigmatica%202%20Expert\mods\journeymap-1.12.2-5.5.4.jar\assets\journeymap\icon\entity
[16:20:56] [Client thread/INFO] [IconSetFileHandler] Added entity icons from journeymap:icon/entity. Success: false
[16:20:56] [Client thread/ERROR] [FileHandler] Couldn't locate icons for flat: D:\twitch\Instances\Enigmatica%202%20Expert\mods\journeymap-1.12.2-5.5.4.jar\assets\journeymap\theme\flat
[16:20:56] [Client thread/INFO] [ThemeLoader] Preloaded theme textures: 0
[16:20:58] [JM-VersionCheck-1/ERROR] [VersionCheck$1] Could not check version URL
javax.net.ssl.SSLHandshakeException: sun.security.validator.ValidatorException: PKIX path building failed: sun.security.provider.certpath.SunCertPathBuilderException: unable to find valid certification path to requested target
	at sun.security.ssl.Alerts.getSSLException(Alerts.java:192) ~[?:1.8.0_51]
	at sun.security.ssl.SSLSocketImpl.fatal(SSLSocketImpl.java:1949) ~[?:1.8.0_51]
	at sun.security.ssl.Handshaker.fatalSE(Handshaker.java:302) ~[?:1.8.0_51]
	at sun.security.ssl.Handshaker.fatalSE(Handshaker.java:296) ~[?:1.8.0_51]
	at sun.security.ssl.ClientHandshaker.serverCertificate(ClientHandshaker.java:1497) ~[?:1.8.0_51]
	at sun.security.ssl.ClientHandshaker.processMessage(ClientHandshaker.java:212) ~[?:1.8.0_51]
	at sun.security.ssl.Handshaker.processLoop(Handshaker.java:979) ~[?:1.8.0_51]
	at sun.security.ssl.Handshaker.process_record(Handshaker.java:914) ~[?:1.8.0_51]
	at sun.security.ssl.SSLSocketImpl.readRecord(SSLSocketImpl.java:1062) ~[?:1.8.0_51]
	at sun.security.ssl.SSLSocketImpl.performInitialHandshake(SSLSocketImpl.java:1375) ~[?:1.8.0_51]
	at sun.security.ssl.SSLSocketImpl.startHandshake(SSLSocketImpl.java:1403) ~[?:1.8.0_51]
	at sun.security.ssl.SSLSocketImpl.startHandshake(SSLSocketImpl.java:1387) ~[?:1.8.0_51]
	at org.apache.http.conn.ssl.SSLConnectionSocketFactory.createLayeredSocket(SSLConnectionSocketFactory.java:275) ~[httpclient-4.3.3.jar:4.3.3]
	at org.apache.http.conn.ssl.SSLConnectionSocketFactory.connectSocket(SSLConnectionSocketFactory.java:254) ~[httpclient-4.3.3.jar:4.3.3]
	at org.apache.http.impl.conn.HttpClientConnectionOperator.connect(HttpClientConnectionOperator.java:117) ~[httpclient-4.3.3.jar:4.3.3]
	at org.apache.http.impl.conn.PoolingHttpClientConnectionManager.connect(PoolingHttpClientConnectionManager.java:314) ~[httpclient-4.3.3.jar:4.3.3]
	at org.apache.http.impl.execchain.MainClientExec.establishRoute(MainClientExec.java:363) ~[httpclient-4.3.3.jar:4.3.3]
	at org.apache.http.impl.execchain.MainClientExec.execute(MainClientExec.java:219) ~[httpclient-4.3.3.jar:4.3.3]
	at org.apache.http.impl.execchain.ProtocolExec.execute(ProtocolExec.java:195) ~[httpclient-4.3.3.jar:4.3.3]
	at org.apache.http.impl.execchain.RetryExec.execute(RetryExec.java:86) ~[httpclient-4.3.3.jar:4.3.3]
	at org.apache.http.impl.execchain.RedirectExec.execute(RedirectExec.java:108) ~[httpclient-4.3.3.jar:4.3.3]
	at org.apache.http.impl.client.InternalHttpClient.doExecute(InternalHttpClient.java:186) ~[httpclient-4.3.3.jar:4.3.3]
	at org.apache.http.impl.client.CloseableHttpClient.execute(CloseableHttpClient.java:82) ~[httpclient-4.3.3.jar:4.3.3]
	at org.apache.http.impl.client.CloseableHttpClient.execute(CloseableHttpClient.java:106) ~[httpclient-4.3.3.jar:4.3.3]
	at org.apache.http.impl.client.CloseableHttpClient.execute(CloseableHttpClient.java:57) ~[httpclient-4.3.3.jar:4.3.3]
	at journeymap.common.version.VersionCheck$1.run(VersionCheck.java:131) [VersionCheck$1.class:1.12.2-5.5.4]
	at java.util.concurrent.Executors$RunnableAdapter.call(Executors.java:511) [?:1.8.0_51]
	at java.util.concurrent.FutureTask.run(FutureTask.java:266) [?:1.8.0_51]
	at java.util.concurrent.ThreadPoolExecutor.runWorker(ThreadPoolExecutor.java:1142) [?:1.8.0_51]
	at java.util.concurrent.ThreadPoolExecutor$Worker.run(ThreadPoolExecutor.java:617) [?:1.8.0_51]
	at java.lang.Thread.run(Thread.java:745) [?:1.8.0_51]
Caused by: sun.security.validator.ValidatorException: PKIX path building failed: sun.security.provider.certpath.SunCertPathBuilderException: unable to find valid certification path to requested target
	at sun.security.validator.PKIXValidator.doBuild(PKIXValidator.java:387) ~[?:1.8.0_51]
	at sun.security.validator.PKIXValidator.engineValidate(PKIXValidator.java:292) ~[?:1.8.0_51]
	at sun.security.validator.Validator.validate(Validator.java:260) ~[?:1.8.0_51]
	at sun.security.ssl.X509TrustManagerImpl.validate(X509TrustManagerImpl.java:324) ~[?:1.8.0_51]
	at sun.security.ssl.X509TrustManagerImpl.checkTrusted(X509TrustManagerImpl.java:229) ~[?:1.8.0_51]
	at sun.security.ssl.X509TrustManagerImpl.checkServerTrusted(X509TrustManagerImpl.java:124) ~[?:1.8.0_51]
	at sun.security.ssl.ClientHandshaker.serverCertificate(ClientHandshaker.java:1479) ~[?:1.8.0_51]
	... 26 more
Caused by: sun.security.provider.certpath.SunCertPathBuilderException: unable to find valid certification path to requested target
	at sun.security.provider.certpath.SunCertPathBuilder.build(SunCertPathBuilder.java:145) ~[?:1.8.0_51]
	at sun.security.provider.certpath.SunCertPathBuilder.engineBuild(SunCertPathBuilder.java:131) ~[?:1.8.0_51]
	at java.security.cert.CertPathBuilder.build(CertPathBuilder.java:280) ~[?:1.8.0_51]
	at sun.security.validator.PKIXValidator.doBuild(PKIXValidator.java:382) ~[?:1.8.0_51]
	at sun.security.validator.PKIXValidator.engineValidate(PKIXValidator.java:292) ~[?:1.8.0_51]
	at sun.security.validator.Validator.validate(Validator.java:260) ~[?:1.8.0_51]
	at sun.security.ssl.X509TrustManagerImpl.validate(X509TrustManagerImpl.java:324) ~[?:1.8.0_51]
	at sun.security.ssl.X509TrustManagerImpl.checkTrusted(X509TrustManagerImpl.java:229) ~[?:1.8.0_51]
	at sun.security.ssl.X509TrustManagerImpl.checkServerTrusted(X509TrustManagerImpl.java:124) ~[?:1.8.0_51]
	at sun.security.ssl.ClientHandshaker.serverCertificate(ClientHandshaker.java:1479) ~[?:1.8.0_51]
	... 26 more
[16:32:06] [Client thread/WARN] [PropertiesBase] core (Initialized) Bad configField entry during updateFrom(): optionsManagerViewed=null
[16:32:06] [Client thread/WARN] [PropertiesBase] core (Initialized) Bad configField entry during updateFrom(): splashViewed=null
[16:32:07] [Client thread/INFO] [TopoRenderer] Loading journeymap.topo.config
[16:32:08] [Client thread/INFO] [WaypointStore] Loaded 0 waypoints from D:\twitch\Instances\Enigmatica 2 Expert\journeymap\data\sp\New World~\waypoints
[16:32:08] [Client thread/INFO] [JourneymapClient] Mapping started in D:\twitch\Instances\Enigmatica 2 Expert\journeymap\data\sp\New World~\DIM0. Memory: 4542MB total, 1764MB free 
[16:33:31] [Client thread/INFO] [ModBlockDelegate] Custom modded block handling enabled for bibliocraft
[16:33:31] [Client thread/INFO] [ModBlockDelegate] Custom modded block handling enabled for biomesoplenty
[16:33:32] [Client thread/INFO] [ChatLog] JourneyMap: Press [J]
[17:55:18] [Client thread/INFO] [StatTimer] TileDrawStep.updateRegionTexture hit max count, 1000000
[17:55:19] [Client thread/INFO] [StatTimer] TileDrawStep.draw(low) hit max count, 1000000
[18:14:19] [Client thread/INFO] [JourneymapClient] Mapping halted in D:\twitch\Instances\Enigmatica 2 Expert\journeymap\data\sp\New World~\DIM0
[18:16:11] [Client thread/WARN] [PropertiesBase] core (Initialized) Bad configField entry during updateFrom(): optionsManagerViewed=null
[18:16:11] [Client thread/WARN] [PropertiesBase] core (Initialized) Bad configField entry during updateFrom(): splashViewed=null
[18:16:11] [Client thread/INFO] [TopoRenderer] Loading journeymap.topo.config
[18:16:12] [Client thread/INFO] [WaypointStore] Loaded 1 waypoints from D:\twitch\Instances\Enigmatica 2 Expert\journeymap\data\sp\New World\waypoints
[18:16:12] [Client thread/INFO] [JourneymapClient] Mapping started in D:\twitch\Instances\Enigmatica 2 Expert\journeymap\data\sp\New World\DIM0. Memory: 5128MB total, 1955MB free 
[18:22:14] [Client thread/INFO] [JourneymapClient] Mapping halted in D:\twitch\Instances\Enigmatica 2 Expert\journeymap\data\sp\New World\DIM0
[18:23:47] [Client thread/WARN] [PropertiesBase] core (Initialized) Bad configField entry during updateFrom(): optionsManagerViewed=null
[18:23:47] [Client thread/WARN] [PropertiesBase] core (Initialized) Bad configField entry during updateFrom(): splashViewed=null
[18:23:47] [Client thread/INFO] [TopoRenderer] Loading journeymap.topo.config
[18:23:47] [Client thread/INFO] [WaypointStore] Loaded 0 waypoints from D:\twitch\Instances\Enigmatica 2 Expert\journeymap\data\sp\New World~\waypoints
[18:23:47] [Client thread/INFO] [JourneymapClient] Mapping started in D:\twitch\Instances\Enigmatica 2 Expert\journeymap\data\sp\New World~\DIM0. Memory: 5223MB total, 2121MB free 
[18:59:02] [Client thread/INFO] [JourneymapClient] Mapping halted in D:\twitch\Instances\Enigmatica 2 Expert\journeymap\data\sp\New World~\DIM0
[19:06:22] [Client thread/WARN] [PropertiesBase] core (Initialized) Bad configField entry during updateFrom(): optionsManagerViewed=null
[19:06:22] [Client thread/WARN] [PropertiesBase] core (Initialized) Bad configField entry during updateFrom(): splashViewed=null
[19:06:22] [Client thread/INFO] [TopoRenderer] Loading journeymap.topo.config
[19:06:23] [Client thread/INFO] [WaypointStore] Loaded 0 waypoints from D:\twitch\Instances\Enigmatica 2 Expert\journeymap\data\sp\New World~\waypoints
[19:06:23] [Client thread/INFO] [JourneymapClient] Mapping started in D:\twitch\Instances\Enigmatica 2 Expert\journeymap\data\sp\New World~\DIM0. Memory: 5292MB total, 1957MB free 
[20:01:18] [Client thread/INFO] [JourneymapClient] Mapping halted in D:\twitch\Instances\Enigmatica 2 Expert\journeymap\data\sp\New World~\DIM0
[20:03:21] [Client thread/WARN] [PropertiesBase] core (Initialized) Bad configField entry during updateFrom(): optionsManagerViewed=null
[20:03:21] [Client thread/WARN] [PropertiesBase] core (Initialized) Bad configField entry during updateFrom(): splashViewed=null
[20:03:21] [Client thread/INFO] [TopoRenderer] Loading journeymap.topo.config
[20:03:22] [Client thread/INFO] [WaypointStore] Loaded 1 waypoints from D:\twitch\Instances\Enigmatica 2 Expert\journeymap\data\sp\New World\waypoints
[20:03:22] [Client thread/INFO] [JourneymapClient] Mapping started in D:\twitch\Instances\Enigmatica 2 Expert\journeymap\data\sp\New World\DIM0. Memory: 5475MB total, 2333MB free 
[20:11:51] [Client thread/INFO] [JourneymapClient] Mapping halted in D:\twitch\Instances\Enigmatica 2 Expert\journeymap\data\sp\New World\DIM0
[20:13:23] [Client thread/WARN] [PropertiesBase] core (Initialized) Bad configField entry during updateFrom(): optionsManagerViewed=null
[20:13:23] [Client thread/WARN] [PropertiesBase] core (Initialized) Bad configField entry during updateFrom(): splashViewed=null
[20:13:23] [Client thread/INFO] [TopoRenderer] Loading journeymap.topo.config
[20:13:23] [Client thread/INFO] [WaypointStore] Loaded 0 waypoints from D:\twitch\Instances\Enigmatica 2 Expert\journeymap\data\sp\New World~\waypoints
[20:13:23] [Client thread/INFO] [JourneymapClient] Mapping started in D:\twitch\Instances\Enigmatica 2 Expert\journeymap\data\sp\New World~\DIM0. Memory: 5579MB total, 2421MB free 
[20:36:17] [Client thread/INFO] [JourneymapClient] Mapping halted in D:\twitch\Instances\Enigmatica 2 Expert\journeymap\data\sp\New World~\DIM0
[20:39:33] [Client thread/WARN] [PropertiesBase] core (Initialized) Bad configField entry during updateFrom(): optionsManagerViewed=null
[20:39:33] [Client thread/WARN] [PropertiesBase] core (Initialized) Bad configField entry during updateFrom(): splashViewed=null
[20:39:33] [Client thread/INFO] [TopoRenderer] Loading journeymap.topo.config
[20:39:33] [Client thread/INFO] [WaypointStore] Loaded 1 waypoints from D:\twitch\Instances\Enigmatica 2 Expert\journeymap\data\sp\New World\waypoints
[20:39:33] [Client thread/INFO] [JourneymapClient] Mapping started in D:\twitch\Instances\Enigmatica 2 Expert\journeymap\data\sp\New World\DIM0. Memory: 5714MB total, 2380MB free 
[21:30:40] [Client thread/INFO] [JourneymapClient] Mapping halted in D:\twitch\Instances\Enigmatica 2 Expert\journeymap\data\sp\New World\DIM0
